{"contracts/Lottery.sol":{"l":{"102":15,"103":15,"104":1,"106":14,"113":0,"118":0,"120":0,"128":4,"133":0,"135":4,"140":22,"141":1,"143":21,"155":1,"156":1,"168":6,"177":0,"178":0,"196":14,"197":0,"199":14,"200":14,"208":14,"209":14,"217":21,"218":21,"222":21,"224":21,"225":15,"226":15,"227":0,"229":15,"231":15,"232":15,"234":21,"235":21,"236":21,"237":21,"250":4,"252":4,"254":4,"256":4,"257":4,"258":4,"260":4,"274":2,"275":2,"276":2,"277":2,"279":2,"284":2,"300":2,"316":4,"317":4,"318":4,"319":8,"320":8,"322":8,"328":8,"329":0,"331":8,"334":8,"335":8,"349":4,"362":7,"363":7,"364":0,"367":7,"372":7,"374":0,"376":7,"394":10,"395":10,"397":10,"398":10,"400":0,"403":10,"407":7,"412":0,"414":0,"419":3,"420":3,"425":0,"436":2,"437":2,"438":2,"439":2,"440":2,"446":2,"457":1,"460":1,"461":0,"463":1,"464":1,"467":1,"468":0,"470":1},"path":"/Users/yan-dev/Documents/lottery-dapp/contracts/Lottery.sol","s":{"1":15,"2":15,"3":0,"4":4,"5":22,"6":1,"7":1,"8":6,"9":0,"10":0,"11":14,"12":0,"13":14,"14":14,"15":14,"16":14,"17":21,"18":21,"19":21,"20":21,"21":15,"22":15,"23":0,"24":15,"25":15,"26":15,"27":21,"28":21,"29":21,"30":21,"31":4,"32":4,"33":4,"34":4,"35":4,"36":4,"37":4,"38":2,"39":2,"40":2,"41":2,"42":2,"43":2,"44":2,"45":4,"46":4,"47":4,"48":8,"49":8,"50":8,"51":8,"52":0,"53":8,"54":8,"55":8,"56":4,"57":7,"58":7,"59":0,"60":7,"61":7,"62":7,"63":10,"64":10,"65":10,"66":10,"67":0,"68":10,"69":7,"70":3,"71":0,"72":0,"73":3,"74":3,"75":3,"76":0,"77":2,"78":2,"79":2,"80":2,"81":2,"82":2,"83":1,"84":1,"85":1,"86":1,"87":1,"88":1},"b":{"1":[1,14],"2":[0,0],"3":[0,4],"4":[1,21],"5":[0,14],"6":[21,0],"7":[15,6],"8":[15,0],"9":[0,15],"10":[0,8],"11":[0,7],"12":[0,7],"13":[0,10],"14":[7,3],"15":[0,3],"16":[3,0],"17":[0,1],"18":[0,1]},"f":{"1":15,"2":0,"3":4,"4":22,"5":1,"6":6,"7":0,"8":14,"9":21,"10":4,"11":2,"12":2,"13":4,"14":4,"15":7,"16":10,"17":2,"18":1},"fnMap":{"1":{"name":"isNewLotteryValid","line":100,"loc":{"start":{"line":100,"column":4},"end":{"line":107,"column":4}}},"2":{"name":"isLotteryMintingOpen","line":112,"loc":{"start":{"line":112,"column":4},"end":{"line":121,"column":4}}},"3":{"name":"isLotteryMintingCompleted","line":127,"loc":{"start":{"line":127,"column":4},"end":{"line":136,"column":4}}},"4":{"name":"isNewPlayerValid","line":139,"loc":{"start":{"line":139,"column":4},"end":{"line":144,"column":4}}},"5":{"name":"setMaxPlayersAllowed","line":153,"loc":{"start":{"line":151,"column":4},"end":{"line":157,"column":4}}},"6":{"name":"setLotteryInactive","line":167,"loc":{"start":{"line":167,"column":4},"end":{"line":169,"column":4}}},"7":{"name":"cancelLottery","line":176,"loc":{"start":{"line":176,"column":4},"end":{"line":180,"column":4}}},"8":{"name":"initLottery","line":191,"loc":{"start":{"line":189,"column":4},"end":{"line":210,"column":4}}},"9":{"name":"mintLotteryTickets","line":216,"loc":{"start":{"line":216,"column":4},"end":{"line":238,"column":4}}},"10":{"name":"triggerLotteryDrawing","line":247,"loc":{"start":{"line":244,"column":4},"end":{"line":265,"column":4}}},"11":{"name":"triggerDepositWinnings","line":272,"loc":{"start":{"line":272,"column":4},"end":{"line":285,"column":4}}},"12":{"name":"getTicketDistribution","line":291,"loc":{"start":{"line":291,"column":4},"end":{"line":305,"column":4}}},"13":{"name":"_playerTicketDistribution","line":314,"loc":{"start":{"line":314,"column":4},"end":{"line":337,"column":4}}},"14":{"name":"_performRandomizedDrawing","line":344,"loc":{"start":{"line":344,"column":4},"end":{"line":350,"column":4}}},"15":{"name":"findWinningAddress","line":359,"loc":{"start":{"line":359,"column":4},"end":{"line":379,"column":4}}},"16":{"name":"_binarySearch","line":389,"loc":{"start":{"line":389,"column":4},"end":{"line":426,"column":4}}},"17":{"name":"_resetLottery","line":433,"loc":{"start":{"line":433,"column":4},"end":{"line":447,"column":4}}},"18":{"name":"withdraw","line":455,"loc":{"start":{"line":455,"column":4},"end":{"line":471,"column":4}}}},"statementMap":{"1":{"start":{"line":102,"column":8},"end":{"line":102,"column":66}},"2":{"start":{"line":103,"column":8},"end":{"line":103,"column":4212}},"3":{"start":{"line":113,"column":8},"end":{"line":113,"column":4473}},"4":{"start":{"line":128,"column":8},"end":{"line":128,"column":5122}},"5":{"start":{"line":140,"column":8},"end":{"line":140,"column":5536}},"6":{"start":{"line":155,"column":8},"end":{"line":155,"column":45}},"7":{"start":{"line":156,"column":8},"end":{"line":156,"column":59}},"8":{"start":{"line":168,"column":8},"end":{"line":168,"column":51}},"9":{"start":{"line":177,"column":8},"end":{"line":177,"column":27}},"10":{"start":{"line":178,"column":8},"end":{"line":178,"column":22}},"11":{"start":{"line":196,"column":8},"end":{"line":196,"column":7372}},"12":{"start":{"line":197,"column":12},"end":{"line":197,"column":38}},"13":{"start":{"line":199,"column":8},"end":{"line":199,"column":60}},"14":{"start":{"line":200,"column":8},"end":{"line":200,"column":7516}},"15":{"start":{"line":208,"column":8},"end":{"line":208,"column":38}},"16":{"start":{"line":209,"column":8},"end":{"line":209,"column":59}},"17":{"start":{"line":217,"column":8},"end":{"line":217,"column":71}},"18":{"start":{"line":218,"column":8},"end":{"line":218,"column":38}},"19":{"start":{"line":222,"column":8},"end":{"line":222,"column":49}},"20":{"start":{"line":224,"column":8},"end":{"line":224,"column":8399}},"21":{"start":{"line":225,"column":12},"end":{"line":225,"column":62}},"22":{"start":{"line":226,"column":12},"end":{"line":226,"column":8543}},"23":{"start":{"line":227,"column":16},"end":{"line":227,"column":60}},"24":{"start":{"line":229,"column":16},"end":{"line":229,"column":45}},"25":{"start":{"line":231,"column":12},"end":{"line":231,"column":37}},"26":{"start":{"line":232,"column":12},"end":{"line":232,"column":51}},"27":{"start":{"line":234,"column":8},"end":{"line":234,"column":68}},"28":{"start":{"line":235,"column":8},"end":{"line":235,"column":46}},"29":{"start":{"line":236,"column":8},"end":{"line":236,"column":60}},"30":{"start":{"line":237,"column":8},"end":{"line":237,"column":60}},"31":{"start":{"line":250,"column":8},"end":{"line":250,"column":45}},"32":{"start":{"line":252,"column":8},"end":{"line":252,"column":34}},"33":{"start":{"line":254,"column":8},"end":{"line":254,"column":64}},"34":{"start":{"line":256,"column":8},"end":{"line":256,"column":56}},"35":{"start":{"line":257,"column":8},"end":{"line":257,"column":60}},"36":{"start":{"line":258,"column":8},"end":{"line":258,"column":45}},"37":{"start":{"line":260,"column":8},"end":{"line":260,"column":10224}},"38":{"start":{"line":274,"column":8},"end":{"line":274,"column":77}},"39":{"start":{"line":275,"column":8},"end":{"line":275,"column":22}},"40":{"start":{"line":276,"column":8},"end":{"line":276,"column":53}},"41":{"start":{"line":277,"column":8},"end":{"line":277,"column":55}},"42":{"start":{"line":279,"column":8},"end":{"line":279,"column":10976}},"43":{"start":{"line":284,"column":8},"end":{"line":284,"column":22}},"44":{"start":{"line":300,"column":8},"end":{"line":300,"column":11548}},"45":{"start":{"line":316,"column":8},"end":{"line":316,"column":66}},"46":{"start":{"line":317,"column":8},"end":{"line":317,"column":32}},"47":{"start":{"line":318,"column":8},"end":{"line":318,"column":12418}},"48":{"start":{"line":319,"column":12},"end":{"line":319,"column":53}},"49":{"start":{"line":320,"column":12},"end":{"line":320,"column":57}},"50":{"start":{"line":322,"column":12},"end":{"line":322,"column":12611}},"51":{"start":{"line":328,"column":12},"end":{"line":328,"column":13019}},"52":{"start":{"line":329,"column":16},"end":{"line":329,"column":54}},"53":{"start":{"line":331,"column":16},"end":{"line":331,"column":55}},"54":{"start":{"line":334,"column":12},"end":{"line":334,"column":38}},"55":{"start":{"line":335,"column":12},"end":{"line":335,"column":52}},"56":{"start":{"line":349,"column":8},"end":{"line":349,"column":58}},"57":{"start":{"line":362,"column":8},"end":{"line":362,"column":49}},"58":{"start":{"line":363,"column":8},"end":{"line":363,"column":14488}},"59":{"start":{"line":364,"column":12},"end":{"line":364,"column":67}},"60":{"start":{"line":367,"column":12},"end":{"line":367,"column":14697}},"61":{"start":{"line":372,"column":12},"end":{"line":372,"column":14862}},"62":{"start":{"line":376,"column":12},"end":{"line":376,"column":15040}},"63":{"start":{"line":394,"column":8},"end":{"line":394,"column":78}},"64":{"start":{"line":395,"column":8},"end":{"line":395,"column":35}},"65":{"start":{"line":397,"column":8},"end":{"line":397,"column":33}},"66":{"start":{"line":398,"column":8},"end":{"line":398,"column":15780}},"67":{"start":{"line":400,"column":12},"end":{"line":400,"column":35}},"68":{"start":{"line":403,"column":8},"end":{"line":403,"column":15943}},"69":{"start":{"line":407,"column":12},"end":{"line":407,"column":31}},"70":{"start":{"line":408,"column":15},"end":{"line":408,"column":16165}},"71":{"start":{"line":412,"column":12},"end":{"line":412,"column":52}},"72":{"start":{"line":414,"column":12},"end":{"line":414,"column":77}},"73":{"start":{"line":415,"column":15},"end":{"line":415,"column":16444}},"74":{"start":{"line":419,"column":12},"end":{"line":419,"column":55}},"75":{"start":{"line":420,"column":12},"end":{"line":420,"column":77}},"76":{"start":{"line":425,"column":8},"end":{"line":425,"column":31}},"77":{"start":{"line":436,"column":8},"end":{"line":436,"column":26}},"78":{"start":{"line":437,"column":8},"end":{"line":437,"column":27}},"79":{"start":{"line":438,"column":8},"end":{"line":438,"column":51}},"80":{"start":{"line":439,"column":8},"end":{"line":439,"column":53}},"81":{"start":{"line":440,"column":8},"end":{"line":440,"column":17356}},"82":{"start":{"line":446,"column":8},"end":{"line":446,"column":48}},"83":{"start":{"line":457,"column":8},"end":{"line":457,"column":17888}},"84":{"start":{"line":460,"column":8},"end":{"line":460,"column":18001}},"85":{"start":{"line":463,"column":8},"end":{"line":463,"column":53}},"86":{"start":{"line":464,"column":8},"end":{"line":464,"column":18240}},"87":{"start":{"line":467,"column":8},"end":{"line":467,"column":18344}},"88":{"start":{"line":470,"column":8},"end":{"line":470,"column":79}}},"branchMap":{"1":{"line":103,"type":"if","locations":[{"start":{"line":103,"column":8},"end":{"line":103,"column":8}},{"start":{"line":103,"column":8},"end":{"line":103,"column":8}}]},"2":{"line":113,"type":"if","locations":[{"start":{"line":113,"column":8},"end":{"line":113,"column":8}},{"start":{"line":113,"column":8},"end":{"line":113,"column":8}}]},"3":{"line":128,"type":"if","locations":[{"start":{"line":128,"column":8},"end":{"line":128,"column":8}},{"start":{"line":128,"column":8},"end":{"line":128,"column":8}}]},"4":{"line":140,"type":"if","locations":[{"start":{"line":140,"column":8},"end":{"line":140,"column":8}},{"start":{"line":140,"column":8},"end":{"line":140,"column":8}}]},"5":{"line":196,"type":"if","locations":[{"start":{"line":196,"column":8},"end":{"line":196,"column":8}},{"start":{"line":196,"column":8},"end":{"line":196,"column":8}}]},"6":{"line":218,"type":"if","locations":[{"start":{"line":218,"column":8},"end":{"line":218,"column":8}},{"start":{"line":218,"column":8},"end":{"line":218,"column":8}}]},"7":{"line":224,"type":"if","locations":[{"start":{"line":224,"column":8},"end":{"line":224,"column":8}},{"start":{"line":224,"column":8},"end":{"line":224,"column":8}}]},"8":{"line":225,"type":"if","locations":[{"start":{"line":225,"column":12},"end":{"line":225,"column":12}},{"start":{"line":225,"column":12},"end":{"line":225,"column":12}}]},"9":{"line":226,"type":"if","locations":[{"start":{"line":226,"column":12},"end":{"line":226,"column":12}},{"start":{"line":226,"column":12},"end":{"line":226,"column":12}}]},"10":{"line":328,"type":"if","locations":[{"start":{"line":328,"column":12},"end":{"line":328,"column":12}},{"start":{"line":328,"column":12},"end":{"line":328,"column":12}}]},"11":{"line":363,"type":"if","locations":[{"start":{"line":363,"column":8},"end":{"line":363,"column":8}},{"start":{"line":363,"column":8},"end":{"line":363,"column":8}}]},"12":{"line":372,"type":"if","locations":[{"start":{"line":372,"column":12},"end":{"line":372,"column":12}},{"start":{"line":372,"column":12},"end":{"line":372,"column":12}}]},"13":{"line":398,"type":"if","locations":[{"start":{"line":398,"column":8},"end":{"line":398,"column":8}},{"start":{"line":398,"column":8},"end":{"line":398,"column":8}}]},"14":{"line":403,"type":"if","locations":[{"start":{"line":403,"column":8},"end":{"line":403,"column":8}},{"start":{"line":403,"column":8},"end":{"line":403,"column":8}}]},"15":{"line":408,"type":"if","locations":[{"start":{"line":408,"column":15},"end":{"line":408,"column":15}},{"start":{"line":408,"column":15},"end":{"line":408,"column":15}}]},"16":{"line":415,"type":"if","locations":[{"start":{"line":415,"column":15},"end":{"line":415,"column":15}},{"start":{"line":415,"column":15},"end":{"line":415,"column":15}}]},"17":{"line":460,"type":"if","locations":[{"start":{"line":460,"column":8},"end":{"line":460,"column":8}},{"start":{"line":460,"column":8},"end":{"line":460,"column":8}}]},"18":{"line":467,"type":"if","locations":[{"start":{"line":467,"column":8},"end":{"line":467,"column":8}},{"start":{"line":467,"column":8},"end":{"line":467,"column":8}}]}}},"contracts/Random.sol":{"l":{"17":4,"19":4,"21":4,"22":4,"24":4},"path":"/Users/yan-dev/Documents/lottery-dapp/contracts/Random.sol","s":{"1":4,"2":4,"3":4,"4":4,"5":4},"b":{},"f":{"1":4},"fnMap":{"1":{"name":"naiveRandInt","line":10,"loc":{"start":{"line":10,"column":4},"end":{"line":25,"column":4}}}},"statementMap":{"1":{"start":{"line":17,"column":8},"end":{"line":17,"column":58}},"2":{"start":{"line":19,"column":8},"end":{"line":19,"column":54}},"3":{"start":{"line":21,"column":8},"end":{"line":21,"column":36}},"4":{"start":{"line":22,"column":8},"end":{"line":22,"column":34}},"5":{"start":{"line":24,"column":8},"end":{"line":24,"column":24}}},"branchMap":{}}}