{"contracts/Lottery.sol":{"l":{"102":16,"103":16,"104":1,"106":15,"115":5,"120":1,"122":4,"127":26,"128":2,"130":24,"142":1,"143":1,"155":6,"164":0,"165":0,"183":15,"184":0,"186":15,"187":15,"195":15,"196":15,"204":24,"205":24,"209":24,"211":24,"212":17,"213":17,"214":0,"216":17,"218":17,"219":17,"221":24,"222":24,"223":24,"224":24,"237":4,"239":4,"241":4,"243":4,"244":4,"245":4,"247":4,"261":2,"262":2,"263":2,"264":2,"266":2,"271":2,"287":2,"303":4,"304":4,"305":4,"306":8,"307":8,"309":8,"315":8,"316":0,"318":8,"321":8,"322":8,"336":4,"349":7,"350":7,"351":0,"354":7,"359":7,"361":0,"363":7,"381":8,"382":8,"384":8,"385":8,"387":0,"390":8,"394":7,"399":0,"401":0,"406":1,"407":1,"412":0,"423":2,"424":2,"425":2,"426":2,"427":2,"433":2,"444":2,"447":2,"448":1,"450":1,"451":1,"454":1,"455":0,"457":1},"path":"/Users/yan-dev/Documents/lottery-dapp/contracts/Lottery.sol","s":{"1":16,"2":16,"3":5,"4":26,"5":1,"6":1,"7":6,"8":0,"9":0,"10":15,"11":0,"12":15,"13":15,"14":15,"15":15,"16":24,"17":24,"18":24,"19":24,"20":17,"21":17,"22":0,"23":17,"24":17,"25":17,"26":24,"27":24,"28":24,"29":24,"30":4,"31":4,"32":4,"33":4,"34":4,"35":4,"36":4,"37":2,"38":2,"39":2,"40":2,"41":2,"42":2,"43":2,"44":4,"45":4,"46":4,"47":8,"48":8,"49":8,"50":8,"51":0,"52":8,"53":8,"54":8,"55":4,"56":7,"57":7,"58":0,"59":7,"60":7,"61":7,"62":8,"63":8,"64":8,"65":8,"66":0,"67":8,"68":7,"69":1,"70":0,"71":0,"72":1,"73":1,"74":1,"75":0,"76":2,"77":2,"78":2,"79":2,"80":2,"81":2,"82":2,"83":2,"84":1,"85":1,"86":1,"87":1},"b":{"1":[1,15],"2":[1,4],"3":[2,24],"4":[0,15],"5":[24,0],"6":[17,7],"7":[17,0],"8":[0,17],"9":[0,8],"10":[0,7],"11":[0,7],"12":[0,8],"13":[7,1],"14":[0,1],"15":[1,0],"16":[1,1],"17":[0,1]},"f":{"1":16,"2":5,"3":26,"4":1,"5":6,"6":0,"7":15,"8":24,"9":4,"10":2,"11":2,"12":4,"13":4,"14":7,"15":8,"16":2,"17":2},"fnMap":{"1":{"name":"isNewLotteryValid","line":100,"loc":{"start":{"line":100,"column":4},"end":{"line":107,"column":4}}},"2":{"name":"isLotteryMintingCompleted","line":114,"loc":{"start":{"line":114,"column":4},"end":{"line":123,"column":4}}},"3":{"name":"isNewPlayerValid","line":126,"loc":{"start":{"line":126,"column":4},"end":{"line":131,"column":4}}},"4":{"name":"setMaxPlayersAllowed","line":140,"loc":{"start":{"line":138,"column":4},"end":{"line":144,"column":4}}},"5":{"name":"setLotteryInactive","line":154,"loc":{"start":{"line":154,"column":4},"end":{"line":156,"column":4}}},"6":{"name":"cancelLottery","line":163,"loc":{"start":{"line":163,"column":4},"end":{"line":167,"column":4}}},"7":{"name":"initLottery","line":178,"loc":{"start":{"line":176,"column":4},"end":{"line":197,"column":4}}},"8":{"name":"mintLotteryTickets","line":203,"loc":{"start":{"line":203,"column":4},"end":{"line":225,"column":4}}},"9":{"name":"triggerLotteryDrawing","line":234,"loc":{"start":{"line":231,"column":4},"end":{"line":252,"column":4}}},"10":{"name":"triggerDepositWinnings","line":259,"loc":{"start":{"line":259,"column":4},"end":{"line":272,"column":4}}},"11":{"name":"getTicketDistribution","line":278,"loc":{"start":{"line":278,"column":4},"end":{"line":292,"column":4}}},"12":{"name":"_playerTicketDistribution","line":301,"loc":{"start":{"line":301,"column":4},"end":{"line":324,"column":4}}},"13":{"name":"_performRandomizedDrawing","line":331,"loc":{"start":{"line":331,"column":4},"end":{"line":337,"column":4}}},"14":{"name":"findWinningAddress","line":346,"loc":{"start":{"line":346,"column":4},"end":{"line":366,"column":4}}},"15":{"name":"_binarySearch","line":376,"loc":{"start":{"line":376,"column":4},"end":{"line":413,"column":4}}},"16":{"name":"_resetLottery","line":420,"loc":{"start":{"line":420,"column":4},"end":{"line":434,"column":4}}},"17":{"name":"withdraw","line":442,"loc":{"start":{"line":442,"column":4},"end":{"line":458,"column":4}}}},"statementMap":{"1":{"start":{"line":102,"column":8},"end":{"line":102,"column":66}},"2":{"start":{"line":103,"column":8},"end":{"line":103,"column":4212}},"3":{"start":{"line":115,"column":8},"end":{"line":115,"column":4668}},"4":{"start":{"line":127,"column":8},"end":{"line":127,"column":5082}},"5":{"start":{"line":142,"column":8},"end":{"line":142,"column":45}},"6":{"start":{"line":143,"column":8},"end":{"line":143,"column":59}},"7":{"start":{"line":155,"column":8},"end":{"line":155,"column":51}},"8":{"start":{"line":164,"column":8},"end":{"line":164,"column":27}},"9":{"start":{"line":165,"column":8},"end":{"line":165,"column":22}},"10":{"start":{"line":183,"column":8},"end":{"line":183,"column":6918}},"11":{"start":{"line":184,"column":12},"end":{"line":184,"column":38}},"12":{"start":{"line":186,"column":8},"end":{"line":186,"column":60}},"13":{"start":{"line":187,"column":8},"end":{"line":187,"column":7062}},"14":{"start":{"line":195,"column":8},"end":{"line":195,"column":38}},"15":{"start":{"line":196,"column":8},"end":{"line":196,"column":59}},"16":{"start":{"line":204,"column":8},"end":{"line":204,"column":71}},"17":{"start":{"line":205,"column":8},"end":{"line":205,"column":38}},"18":{"start":{"line":209,"column":8},"end":{"line":209,"column":49}},"19":{"start":{"line":211,"column":8},"end":{"line":211,"column":7945}},"20":{"start":{"line":212,"column":12},"end":{"line":212,"column":62}},"21":{"start":{"line":213,"column":12},"end":{"line":213,"column":8089}},"22":{"start":{"line":214,"column":16},"end":{"line":214,"column":60}},"23":{"start":{"line":216,"column":16},"end":{"line":216,"column":45}},"24":{"start":{"line":218,"column":12},"end":{"line":218,"column":37}},"25":{"start":{"line":219,"column":12},"end":{"line":219,"column":51}},"26":{"start":{"line":221,"column":8},"end":{"line":221,"column":68}},"27":{"start":{"line":222,"column":8},"end":{"line":222,"column":46}},"28":{"start":{"line":223,"column":8},"end":{"line":223,"column":60}},"29":{"start":{"line":224,"column":8},"end":{"line":224,"column":60}},"30":{"start":{"line":237,"column":8},"end":{"line":237,"column":45}},"31":{"start":{"line":239,"column":8},"end":{"line":239,"column":34}},"32":{"start":{"line":241,"column":8},"end":{"line":241,"column":64}},"33":{"start":{"line":243,"column":8},"end":{"line":243,"column":56}},"34":{"start":{"line":244,"column":8},"end":{"line":244,"column":60}},"35":{"start":{"line":245,"column":8},"end":{"line":245,"column":45}},"36":{"start":{"line":247,"column":8},"end":{"line":247,"column":9770}},"37":{"start":{"line":261,"column":8},"end":{"line":261,"column":77}},"38":{"start":{"line":262,"column":8},"end":{"line":262,"column":22}},"39":{"start":{"line":263,"column":8},"end":{"line":263,"column":53}},"40":{"start":{"line":264,"column":8},"end":{"line":264,"column":55}},"41":{"start":{"line":266,"column":8},"end":{"line":266,"column":10522}},"42":{"start":{"line":271,"column":8},"end":{"line":271,"column":22}},"43":{"start":{"line":287,"column":8},"end":{"line":287,"column":11094}},"44":{"start":{"line":303,"column":8},"end":{"line":303,"column":66}},"45":{"start":{"line":304,"column":8},"end":{"line":304,"column":32}},"46":{"start":{"line":305,"column":8},"end":{"line":305,"column":11964}},"47":{"start":{"line":306,"column":12},"end":{"line":306,"column":53}},"48":{"start":{"line":307,"column":12},"end":{"line":307,"column":57}},"49":{"start":{"line":309,"column":12},"end":{"line":309,"column":12157}},"50":{"start":{"line":315,"column":12},"end":{"line":315,"column":12565}},"51":{"start":{"line":316,"column":16},"end":{"line":316,"column":54}},"52":{"start":{"line":318,"column":16},"end":{"line":318,"column":55}},"53":{"start":{"line":321,"column":12},"end":{"line":321,"column":38}},"54":{"start":{"line":322,"column":12},"end":{"line":322,"column":52}},"55":{"start":{"line":336,"column":8},"end":{"line":336,"column":58}},"56":{"start":{"line":349,"column":8},"end":{"line":349,"column":49}},"57":{"start":{"line":350,"column":8},"end":{"line":350,"column":14034}},"58":{"start":{"line":351,"column":12},"end":{"line":351,"column":67}},"59":{"start":{"line":354,"column":12},"end":{"line":354,"column":14243}},"60":{"start":{"line":359,"column":12},"end":{"line":359,"column":14408}},"61":{"start":{"line":363,"column":12},"end":{"line":363,"column":14586}},"62":{"start":{"line":381,"column":8},"end":{"line":381,"column":78}},"63":{"start":{"line":382,"column":8},"end":{"line":382,"column":35}},"64":{"start":{"line":384,"column":8},"end":{"line":384,"column":33}},"65":{"start":{"line":385,"column":8},"end":{"line":385,"column":15326}},"66":{"start":{"line":387,"column":12},"end":{"line":387,"column":35}},"67":{"start":{"line":390,"column":8},"end":{"line":390,"column":15489}},"68":{"start":{"line":394,"column":12},"end":{"line":394,"column":31}},"69":{"start":{"line":395,"column":15},"end":{"line":395,"column":15711}},"70":{"start":{"line":399,"column":12},"end":{"line":399,"column":52}},"71":{"start":{"line":401,"column":12},"end":{"line":401,"column":77}},"72":{"start":{"line":402,"column":15},"end":{"line":402,"column":15990}},"73":{"start":{"line":406,"column":12},"end":{"line":406,"column":55}},"74":{"start":{"line":407,"column":12},"end":{"line":407,"column":77}},"75":{"start":{"line":412,"column":8},"end":{"line":412,"column":31}},"76":{"start":{"line":423,"column":8},"end":{"line":423,"column":26}},"77":{"start":{"line":424,"column":8},"end":{"line":424,"column":27}},"78":{"start":{"line":425,"column":8},"end":{"line":425,"column":51}},"79":{"start":{"line":426,"column":8},"end":{"line":426,"column":53}},"80":{"start":{"line":427,"column":8},"end":{"line":427,"column":16902}},"81":{"start":{"line":433,"column":8},"end":{"line":433,"column":48}},"82":{"start":{"line":444,"column":8},"end":{"line":444,"column":17434}},"83":{"start":{"line":447,"column":8},"end":{"line":447,"column":17547}},"84":{"start":{"line":450,"column":8},"end":{"line":450,"column":53}},"85":{"start":{"line":451,"column":8},"end":{"line":451,"column":17786}},"86":{"start":{"line":454,"column":8},"end":{"line":454,"column":17890}},"87":{"start":{"line":457,"column":8},"end":{"line":457,"column":79}}},"branchMap":{"1":{"line":103,"type":"if","locations":[{"start":{"line":103,"column":8},"end":{"line":103,"column":8}},{"start":{"line":103,"column":8},"end":{"line":103,"column":8}}]},"2":{"line":115,"type":"if","locations":[{"start":{"line":115,"column":8},"end":{"line":115,"column":8}},{"start":{"line":115,"column":8},"end":{"line":115,"column":8}}]},"3":{"line":127,"type":"if","locations":[{"start":{"line":127,"column":8},"end":{"line":127,"column":8}},{"start":{"line":127,"column":8},"end":{"line":127,"column":8}}]},"4":{"line":183,"type":"if","locations":[{"start":{"line":183,"column":8},"end":{"line":183,"column":8}},{"start":{"line":183,"column":8},"end":{"line":183,"column":8}}]},"5":{"line":205,"type":"if","locations":[{"start":{"line":205,"column":8},"end":{"line":205,"column":8}},{"start":{"line":205,"column":8},"end":{"line":205,"column":8}}]},"6":{"line":211,"type":"if","locations":[{"start":{"line":211,"column":8},"end":{"line":211,"column":8}},{"start":{"line":211,"column":8},"end":{"line":211,"column":8}}]},"7":{"line":212,"type":"if","locations":[{"start":{"line":212,"column":12},"end":{"line":212,"column":12}},{"start":{"line":212,"column":12},"end":{"line":212,"column":12}}]},"8":{"line":213,"type":"if","locations":[{"start":{"line":213,"column":12},"end":{"line":213,"column":12}},{"start":{"line":213,"column":12},"end":{"line":213,"column":12}}]},"9":{"line":315,"type":"if","locations":[{"start":{"line":315,"column":12},"end":{"line":315,"column":12}},{"start":{"line":315,"column":12},"end":{"line":315,"column":12}}]},"10":{"line":350,"type":"if","locations":[{"start":{"line":350,"column":8},"end":{"line":350,"column":8}},{"start":{"line":350,"column":8},"end":{"line":350,"column":8}}]},"11":{"line":359,"type":"if","locations":[{"start":{"line":359,"column":12},"end":{"line":359,"column":12}},{"start":{"line":359,"column":12},"end":{"line":359,"column":12}}]},"12":{"line":385,"type":"if","locations":[{"start":{"line":385,"column":8},"end":{"line":385,"column":8}},{"start":{"line":385,"column":8},"end":{"line":385,"column":8}}]},"13":{"line":390,"type":"if","locations":[{"start":{"line":390,"column":8},"end":{"line":390,"column":8}},{"start":{"line":390,"column":8},"end":{"line":390,"column":8}}]},"14":{"line":395,"type":"if","locations":[{"start":{"line":395,"column":15},"end":{"line":395,"column":15}},{"start":{"line":395,"column":15},"end":{"line":395,"column":15}}]},"15":{"line":402,"type":"if","locations":[{"start":{"line":402,"column":15},"end":{"line":402,"column":15}},{"start":{"line":402,"column":15},"end":{"line":402,"column":15}}]},"16":{"line":447,"type":"if","locations":[{"start":{"line":447,"column":8},"end":{"line":447,"column":8}},{"start":{"line":447,"column":8},"end":{"line":447,"column":8}}]},"17":{"line":454,"type":"if","locations":[{"start":{"line":454,"column":8},"end":{"line":454,"column":8}},{"start":{"line":454,"column":8},"end":{"line":454,"column":8}}]}}},"contracts/Random.sol":{"l":{"17":4,"19":4,"21":4,"22":4,"24":4},"path":"/Users/yan-dev/Documents/lottery-dapp/contracts/Random.sol","s":{"1":4,"2":4,"3":4,"4":4,"5":4},"b":{},"f":{"1":4},"fnMap":{"1":{"name":"naiveRandInt","line":10,"loc":{"start":{"line":10,"column":4},"end":{"line":25,"column":4}}}},"statementMap":{"1":{"start":{"line":17,"column":8},"end":{"line":17,"column":58}},"2":{"start":{"line":19,"column":8},"end":{"line":19,"column":54}},"3":{"start":{"line":21,"column":8},"end":{"line":21,"column":36}},"4":{"start":{"line":22,"column":8},"end":{"line":22,"column":34}},"5":{"start":{"line":24,"column":8},"end":{"line":24,"column":24}}},"branchMap":{}}}