{
"contracts/Lottery.sol":{"l":{"102":19,"103":19,"104":1,"106":18,"115":6,"120":1,"122":5,"127":27,"128":2,"130":25,"142":1,"143":1,"155":8,"164":1,"165":1,"183":18,"184":1,"186":18,"187":18,"195":18,"196":18,"204":25,"205":25,"209":25,"211":25,"212":18,"213":18,"214":0,"216":18,"218":18,"219":18,"221":25,"222":25,"223":25,"224":25,"237":5,"239":5,"241":5,"243":5,"244":5,"245":5,"247":5,"261":2,"262":2,"263":2,"264":2,"266":2,"271":2,"287":3,"303":5,"304":5,"305":5,"306":9,"307":9,"309":9,"315":9,"316":0,"318":9,"321":9,"322":9,"336":5,"349":8,"350":8,"351":1,"354":7,"359":7,"361":0,"363":7,"381":12,"382":12,"384":12,"385":12,"387":0,"390":12,"394":7,"399":0,"401":0,"406":5,"407":5,"412":0,"423":3,"424":3,"425":3,"426":3,"427":3,"433":3,"444":2,"447":2,"448":1,"450":1,"451":1,"454":1,"455":0,"457":1},"path":"/Users/yan-dev/Documents/lottery-dapp/contracts/Lottery.sol","s":{"1":19,"2":19,"3":6,"4":27,"5":1,"6":1,"7":8,"8":1,"9":1,"10":18,"11":1,"12":18,"13":18,"14":18,"15":18,"16":25,"17":25,"18":25,"19":25,"20":18,"21":18,"22":0,"23":18,"24":18,"25":18,"26":25,"27":25,"28":25,"29":25,"30":5,"31":5,"32":5,"33":5,"34":5,"35":5,"36":5,"37":2,"38":2,"39":2,"40":2,"41":2,"42":2,"43":3,"44":5,"45":5,"46":5,"47":9,"48":9,"49":9,"50":9,"51":0,"52":9,"53":9,"54":9,"55":5,"56":8,"57":8,"58":1,"59":7,"60":7,"61":7,"62":12,"63":12,"64":12,"65":12,"66":0,"67":12,"68":7,"69":5,"70":0,"71":0,"72":5,"73":5,"74":5,"75":0,"76":3,"77":3,"78":3,"79":3,"80":3,"81":3,"82":2,"83":2,"84":1,"85":1,"86":1,"87":1},"b":{"1":[1,18],"2":[1,5],"3":[2,25],"4":[1,17],"5":[25,0],"6":[18,7],"7":[18,0],"8":[0,18],"9":[0,9],"10":[1,7],"11":[0,7],"12":[0,12],"13":[7,5],"14":[0,5],"15":[5,0],"16":[1,1],"17":[0,1]},"f":{"1":19,"2":6,"3":27,"4":1,"5":8,"6":1,"7":18,"8":25,"9":5,"10":2,"11":3,"12":5,"13":5,"14":8,"15":12,"16":3,"17":2},"fnMap":{"1":{"name":"isNewLotteryValid","line":100,"loc":{"start":{"line":100,"column":4},"end":{"line":107,"column":4}}},"2":{"name":"isLotteryMintingCompleted","line":114,"loc":{"start":{"line":114,"column":4},"end":{"line":123,"column":4}}},"3":{"name":"isNewPlayerValid","line":126,"loc":{"start":{"line":126,"column":4},"end":{"line":131,"column":4}}},"4":{"name":"setMaxPlayersAllowed","line":140,"loc":{"start":{"line":138,"column":4},"end":{"line":144,"column":4}}},"5":{"name":"setLotteryInactive","line":154,"loc":{"start":{"line":154,"column":4},"end":{"line":156,"column":4}}},"6":{"name":"cancelLottery","line":163,"loc":{"start":{"line":163,"column":4},"end":{"line":167,"column":4}}},"7":{"name":"initLottery","line":178,"loc":{"start":{"line":176,"column":4},"end":{"line":197,"column":4}}},"8":{"name":"mintLotteryTickets","line":203,"loc":{"start":{"line":203,"column":4},"end":{"line":225,"column":4}}},"9":{"name":"triggerLotteryDrawing","line":234,"loc":{"start":{"line":231,"column":4},"end":{"line":252,"column":4}}},"10":{"name":"triggerDepositWinnings","line":259,"loc":{"start":{"line":259,"column":4},"end":{"line":272,"column":4}}},"11":{"name":"getTicketDistribution","line":278,"loc":{"start":{"line":278,"column":4},"end":{"line":292,"column":4}}},"12":{"name":"_playerTicketDistribution","line":301,"loc":{"start":{"line":301,"column":4},"end":{"line":324,"column":4}}},"13":{"name":"_performRandomizedDrawing","line":331,"loc":{"start":{"line":331,"column":4},"end":{"line":337,"column":4}}},"14":{"name":"findWinningAddress","line":346,"loc":{"start":{"line":346,"column":4},"end":{"line":366,"column":4}}},"15":{"name":"_binarySearch","line":376,"loc":{"start":{"line":376,"column":4},"end":{"line":413,"column":4}}},"16":{"name":"_resetLottery","line":420,"loc":{"start":{"line":420,"column":4},"end":{"line":434,"column":4}}},"17":{"name":"withdraw","line":442,"loc":{"start":{"line":442,"column":4},"end":{"line":458,"column":4}}}},"statementMap":{"1":{"start":{"line":102,"column":8},"end":{"line":102,"column":66}},"2":{"start":{"line":103,"column":8},"end":{"line":103,"column":4212}},"3":{"start":{"line":115,"column":8},"end":{"line":115,"column":4668}},"4":{"start":{"line":127,"column":8},"end":{"line":127,"column":5082}},"5":{"start":{"line":142,"column":8},"end":{"line":142,"column":45}},"6":{"start":{"line":143,"column":8},"end":{"line":143,"column":59}},"7":{"start":{"line":155,"column":8},"end":{"line":155,"column":51}},"8":{"start":{"line":164,"column":8},"end":{"line":164,"column":27}},"9":{"start":{"line":165,"column":8},"end":{"line":165,"column":22}},"10":{"start":{"line":183,"column":8},"end":{"line":183,"column":6918}},"11":{"start":{"line":184,"column":12},"end":{"line":184,"column":38}},"12":{"start":{"line":186,"column":8},"end":{"line":186,"column":60}},"13":{"start":{"line":187,"column":8},"end":{"line":187,"column":7062}},"14":{"start":{"line":195,"column":8},"end":{"line":195,"column":38}},"15":{"start":{"line":196,"column":8},"end":{"line":196,"column":59}},"16":{"start":{"line":204,"column":8},"end":{"line":204,"column":71}},"17":{"start":{"line":205,"column":8},"end":{"line":205,"column":38}},"18":{"start":{"line":209,"column":8},"end":{"line":209,"column":49}},"19":{"start":{"line":211,"column":8},"end":{"line":211,"column":7945}},"20":{"start":{"line":212,"column":12},"end":{"line":212,"column":62}},"21":{"start":{"line":213,"column":12},"end":{"line":213,"column":8089}},"22":{"start":{"line":214,"column":16},"end":{"line":214,"column":60}},"23":{"start":{"line":216,"column":16},"end":{"line":216,"column":45}},"24":{"start":{"line":218,"column":12},"end":{"line":218,"column":37}},"25":{"start":{"line":219,"column":12},"end":{"line":219,"column":51}},"26":{"start":{"line":221,"column":8},"end":{"line":221,"column":68}},"27":{"start":{"line":222,"column":8},"end":{"line":222,"column":46}},"28":{"start":{"line":223,"column":8},"end":{"line":223,"column":60}},"29":{"start":{"line":224,"column":8},"end":{"line":224,"column":60}},"30":{"start":{"line":237,"column":8},"end":{"line":237,"column":45}},"31":{"start":{"line":239,"column":8},"end":{"line":239,"column":34}},"32":{"start":{"line":241,"column":8},"end":{"line":241,"column":64}},"33":{"start":{"line":243,"column":8},"end":{"line":243,"column":56}},"34":{"start":{"line":244,"column":8},"end":{"line":244,"column":60}},"35":{"start":{"line":245,"column":8},"end":{"line":245,"column":45}},"36":{"start":{"line":247,"column":8},"end":{"line":247,"column":9770}},"37":{"start":{"line":261,"column":8},"end":{"line":261,"column":77}},"38":{"start":{"line":262,"column":8},"end":{"line":262,"column":22}},"39":{"start":{"line":263,"column":8},"end":{"line":263,"column":53}},"40":{"start":{"line":264,"column":8},"end":{"line":264,"column":55}},"41":{"start":{"line":266,"column":8},"end":{"line":266,"column":10522}},"42":{"start":{"line":271,"column":8},"end":{"line":271,"column":22}},"43":{"start":{"line":287,"column":8},"end":{"line":287,"column":11094}},"44":{"start":{"line":303,"column":8},"end":{"line":303,"column":66}},"45":{"start":{"line":304,"column":8},"end":{"line":304,"column":32}},"46":{"start":{"line":305,"column":8},"end":{"line":305,"column":11964}},"47":{"start":{"line":306,"column":12},"end":{"line":306,"column":53}},"48":{"start":{"line":307,"column":12},"end":{"line":307,"column":57}},"49":{"start":{"line":309,"column":12},"end":{"line":309,"column":12157}},"50":{"start":{"line":315,"column":12},"end":{"line":315,"column":12565}},"51":{"start":{"line":316,"column":16},"end":{"line":316,"column":54}},"52":{"start":{"line":318,"column":16},"end":{"line":318,"column":55}},"53":{"start":{"line":321,"column":12},"end":{"line":321,"column":38}},"54":{"start":{"line":322,"column":12},"end":{"line":322,"column":52}},"55":{"start":{"line":336,"column":8},"end":{"line":336,"column":58}},"56":{"start":{"line":349,"column":8},"end":{"line":349,"column":49}},"57":{"start":{"line":350,"column":8},"end":{"line":350,"column":14034}},"58":{"start":{"line":351,"column":12},"end":{"line":351,"column":67}},"59":{"start":{"line":354,"column":12},"end":{"line":354,"column":14243}},"60":{"start":{"line":359,"column":12},"end":{"line":359,"column":14408}},"61":{"start":{"line":363,"column":12},"end":{"line":363,"column":14586}},"62":{"start":{"line":381,"column":8},"end":{"line":381,"column":78}},"63":{"start":{"line":382,"column":8},"end":{"line":382,"column":35}},"64":{"start":{"line":384,"column":8},"end":{"line":384,"column":33}},"65":{"start":{"line":385,"column":8},"end":{"line":385,"column":15326}},"66":{"start":{"line":387,"column":12},"end":{"line":387,"column":35}},"67":{"start":{"line":390,"column":8},"end":{"line":390,"column":15489}},"68":{"start":{"line":394,"column":12},"end":{"line":394,"column":31}},"69":{"start":{"line":395,"column":15},"end":{"line":395,"column":15711}},"70":{"start":{"line":399,"column":12},"end":{"line":399,"column":52}},"71":{"start":{"line":401,"column":12},"end":{"line":401,"column":77}},"72":{"start":{"line":402,"column":15},"end":{"line":402,"column":15990}},"73":{"start":{"line":406,"column":12},"end":{"line":406,"column":55}},"74":{"start":{"line":407,"column":12},"end":{"line":407,"column":77}},"75":{"start":{"line":412,"column":8},"end":{"line":412,"column":31}},"76":{"start":{"line":423,"column":8},"end":{"line":423,"column":26}},"77":{"start":{"line":424,"column":8},"end":{"line":424,"column":27}},"78":{"start":{"line":425,"column":8},"end":{"line":425,"column":51}},"79":{"start":{"line":426,"column":8},"end":{"line":426,"column":53}},"80":{"start":{"line":427,"column":8},"end":{"line":427,"column":16902}},"81":{"start":{"line":433,"column":8},"end":{"line":433,"column":48}},"82":{"start":{"line":444,"column":8},"end":{"line":444,"column":17434}},"83":{"start":{"line":447,"column":8},"end":{"line":447,"column":17547}},"84":{"start":{"line":450,"column":8},"end":{"line":450,"column":53}},"85":{"start":{"line":451,"column":8},"end":{"line":451,"column":17786}},"86":{"start":{"line":454,"column":8},"end":{"line":454,"column":17890}},"87":{"start":{"line":457,"column":8},"end":{"line":457,"column":79}}},"branchMap":{"1":{"line":103,"type":"if","locations":[{"start":{"line":103,"column":8},"end":{"line":103,"column":8}},{"start":{"line":103,"column":8},"end":{"line":103,"column":8}}]},"2":{"line":115,"type":"if","locations":[{"start":{"line":115,"column":8},"end":{"line":115,"column":8}},{"start":{"line":115,"column":8},"end":{"line":115,"column":8}}]},"3":{"line":127,"type":"if","locations":[{"start":{"line":127,"column":8},"end":{"line":127,"column":8}},{"start":{"line":127,"column":8},"end":{"line":127,"column":8}}]},"4":{"line":183,"type":"if","locations":[{"start":{"line":183,"column":8},"end":{"line":183,"column":8}},{"start":{"line":183,"column":8},"end":{"line":183,"column":8}}]},"5":{"line":205,"type":"if","locations":[{"start":{"line":205,"column":8},"end":{"line":205,"column":8}},{"start":{"line":205,"column":8},"end":{"line":205,"column":8}}]},"6":{"line":211,"type":"if","locations":[{"start":{"line":211,"column":8},"end":{"line":211,"column":8}},{"start":{"line":211,"column":8},"end":{"line":211,"column":8}}]},"7":{"line":212,"type":"if","locations":[{"start":{"line":212,"column":12},"end":{"line":212,"column":12}},{"start":{"line":212,"column":12},"end":{"line":212,"column":12}}]},"8":{"line":213,"type":"if","locations":[{"start":{"line":213,"column":12},"end":{"line":213,"column":12}},{"start":{"line":213,"column":12},"end":{"line":213,"column":12}}]},"9":{"line":315,"type":"if","locations":[{"start":{"line":315,"column":12},"end":{"line":315,"column":12}},{"start":{"line":315,"column":12},"end":{"line":315,"column":12}}]},"10":{"line":350,"type":"if","locations":[{"start":{"line":350,"column":8},"end":{"line":350,"column":8}},{"start":{"line":350,"column":8},"end":{"line":350,"column":8}}]},"11":{"line":359,"type":"if","locations":[{"start":{"line":359,"column":12},"end":{"line":359,"column":12}},{"start":{"line":359,"column":12},"end":{"line":359,"column":12}}]},"12":{"line":385,"type":"if","locations":[{"start":{"line":385,"column":8},"end":{"line":385,"column":8}},{"start":{"line":385,"column":8},"end":{"line":385,"column":8}}]},"13":{"line":390,"type":"if","locations":[{"start":{"line":390,"column":8},"end":{"line":390,"column":8}},{"start":{"line":390,"column":8},"end":{"line":390,"column":8}}]},"14":{"line":395,"type":"if","locations":[{"start":{"line":395,"column":15},"end":{"line":395,"column":15}},{"start":{"line":395,"column":15},"end":{"line":395,"column":15}}]},"15":{"line":402,"type":"if","locations":[{"start":{"line":402,"column":15},"end":{"line":402,"column":15}},{"start":{"line":402,"column":15},"end":{"line":402,"column":15}}]},"16":{"line":447,"type":"if","locations":[{"start":{"line":447,"column":8},"end":{"line":447,"column":8}},{"start":{"line":447,"column":8},"end":{"line":447,"column":8}}]},"17":{"line":454,"type":"if","locations":[{"start":{"line":454,"column":8},"end":{"line":454,"column":8}},{"start":{"line":454,"column":8},"end":{"line":454,"column":8}}]}}},
"contracts/Random.sol":{"l":{"17":5,"19":5,"21":5,"22":5,"24":5},"path":"/Users/yan-dev/Documents/lottery-dapp/contracts/Random.sol","s":{"1":5,"2":5,"3":5,"4":5,"5":5},"b":{},"f":{"1":5},"fnMap":{"1":{"name":"naiveRandInt","line":10,"loc":{"start":{"line":10,"column":4},"end":{"line":25,"column":4}}}},"statementMap":{"1":{"start":{"line":17,"column":8},"end":{"line":17,"column":58}},"2":{"start":{"line":19,"column":8},"end":{"line":19,"column":54}},"3":{"start":{"line":21,"column":8},"end":{"line":21,"column":36}},"4":{"start":{"line":22,"column":8},"end":{"line":22,"column":34}},"5":{"start":{"line":24,"column":8},"end":{"line":24,"column":24}}},"branchMap":{}}}
