TN:
SF:/Users/yan-dev/Documents/lottery-dapp/contracts/Lottery.sol
FN:100,isNewLotteryValid
FN:114,isLotteryMintingCompleted
FN:126,isNewPlayerValid
FN:140,setMaxPlayersAllowed
FN:154,setLotteryInactive
FN:163,cancelLottery
FN:178,initLottery
FN:203,mintLotteryTickets
FN:234,triggerLotteryDrawing
FN:259,triggerDepositWinnings
FN:278,getTicketDistribution
FN:301,_playerTicketDistribution
FN:331,_performRandomizedDrawing
FN:346,findWinningAddress
FN:376,_binarySearch
FN:420,_resetLottery
FN:442,withdraw
FNF:17
FNH:17
FNDA:19,isNewLotteryValid
FNDA:6,isLotteryMintingCompleted
FNDA:27,isNewPlayerValid
FNDA:1,setMaxPlayersAllowed
FNDA:8,setLotteryInactive
FNDA:1,cancelLottery
FNDA:18,initLottery
FNDA:25,mintLotteryTickets
FNDA:5,triggerLotteryDrawing
FNDA:2,triggerDepositWinnings
FNDA:3,getTicketDistribution
FNDA:5,_playerTicketDistribution
FNDA:5,_performRandomizedDrawing
FNDA:8,findWinningAddress
FNDA:12,_binarySearch
FNDA:3,_resetLottery
FNDA:2,withdraw
DA:102,19
DA:103,19
DA:104,1
DA:106,18
DA:115,6
DA:120,1
DA:122,5
DA:127,27
DA:128,2
DA:130,25
DA:142,1
DA:143,1
DA:155,8
DA:164,1
DA:165,1
DA:183,18
DA:184,1
DA:186,18
DA:187,18
DA:195,18
DA:196,18
DA:204,25
DA:205,25
DA:209,25
DA:211,25
DA:212,18
DA:213,18
DA:214,0
DA:216,18
DA:218,18
DA:219,18
DA:221,25
DA:222,25
DA:223,25
DA:224,25
DA:237,5
DA:239,5
DA:241,5
DA:243,5
DA:244,5
DA:245,5
DA:247,5
DA:261,2
DA:262,2
DA:263,2
DA:264,2
DA:266,2
DA:271,2
DA:287,3
DA:303,5
DA:304,5
DA:305,5
DA:306,9
DA:307,9
DA:309,9
DA:315,9
DA:316,0
DA:318,9
DA:321,9
DA:322,9
DA:336,5
DA:349,8
DA:350,8
DA:351,1
DA:354,7
DA:359,7
DA:361,0
DA:363,7
DA:381,12
DA:382,12
DA:384,12
DA:385,12
DA:387,0
DA:390,12
DA:394,7
DA:399,0
DA:401,0
DA:406,5
DA:407,5
DA:412,0
DA:423,3
DA:424,3
DA:425,3
DA:426,3
DA:427,3
DA:433,3
DA:444,2
DA:447,2
DA:448,1
DA:450,1
DA:451,1
DA:454,1
DA:455,0
DA:457,1
LF:94
LH:86
BRDA:103,1,0,1
BRDA:103,1,1,18
BRDA:115,2,0,1
BRDA:115,2,1,5
BRDA:127,3,0,2
BRDA:127,3,1,25
BRDA:183,4,0,1
BRDA:183,4,1,17
BRDA:205,5,0,25
BRDA:205,5,1,0
BRDA:211,6,0,18
BRDA:211,6,1,7
BRDA:212,7,0,18
BRDA:212,7,1,0
BRDA:213,8,0,0
BRDA:213,8,1,18
BRDA:315,9,0,0
BRDA:315,9,1,9
BRDA:350,10,0,1
BRDA:350,10,1,7
BRDA:359,11,0,0
BRDA:359,11,1,7
BRDA:385,12,0,0
BRDA:385,12,1,12
BRDA:390,13,0,7
BRDA:390,13,1,5
BRDA:395,14,0,0
BRDA:395,14,1,5
BRDA:402,15,0,5
BRDA:402,15,1,0
BRDA:447,16,0,1
BRDA:447,16,1,1
BRDA:454,17,0,0
BRDA:454,17,1,1
BRF:34
BRH:25
end_of_record
TN:
SF:/Users/yan-dev/Documents/lottery-dapp/contracts/Random.sol
FN:10,naiveRandInt
FNF:1
FNH:1
FNDA:5,naiveRandInt
DA:17,5
DA:19,5
DA:21,5
DA:22,5
DA:24,5
LF:5
LH:5
BRF:0
BRH:0
end_of_record
