TN:
SF:/Users/yan-dev/Documents/lottery-dapp/contracts/Lottery.sol
FN:100,isNewLotteryValid
FN:112,isLotteryMintingOpen
FN:127,isLotteryMintingCompleted
FN:139,isNewPlayerValid
FN:153,setMaxPlayersAllowed
FN:167,setLotteryInactive
FN:176,cancelLottery
FN:191,initLottery
FN:216,mintLotteryTickets
FN:247,triggerLotteryDrawing
FN:272,triggerDepositWinnings
FN:291,getTicketDistribution
FN:314,_playerTicketDistribution
FN:344,_performRandomizedDrawing
FN:359,findWinningAddress
FN:389,_binarySearch
FN:433,_resetLottery
FN:455,withdraw
FNF:18
FNH:16
FNDA:15,isNewLotteryValid
FNDA:0,isLotteryMintingOpen
FNDA:4,isLotteryMintingCompleted
FNDA:22,isNewPlayerValid
FNDA:1,setMaxPlayersAllowed
FNDA:6,setLotteryInactive
FNDA:0,cancelLottery
FNDA:14,initLottery
FNDA:21,mintLotteryTickets
FNDA:4,triggerLotteryDrawing
FNDA:2,triggerDepositWinnings
FNDA:2,getTicketDistribution
FNDA:4,_playerTicketDistribution
FNDA:4,_performRandomizedDrawing
FNDA:7,findWinningAddress
FNDA:10,_binarySearch
FNDA:2,_resetLottery
FNDA:1,withdraw
DA:102,15
DA:103,15
DA:104,1
DA:106,14
DA:113,0
DA:118,0
DA:120,0
DA:128,4
DA:133,0
DA:135,4
DA:140,22
DA:141,1
DA:143,21
DA:155,1
DA:156,1
DA:168,6
DA:177,0
DA:178,0
DA:196,14
DA:197,0
DA:199,14
DA:200,14
DA:208,14
DA:209,14
DA:217,21
DA:218,21
DA:222,21
DA:224,21
DA:225,15
DA:226,15
DA:227,0
DA:229,15
DA:231,15
DA:232,15
DA:234,21
DA:235,21
DA:236,21
DA:237,21
DA:250,4
DA:252,4
DA:254,4
DA:256,4
DA:257,4
DA:258,4
DA:260,4
DA:274,2
DA:275,2
DA:276,2
DA:277,2
DA:279,2
DA:284,2
DA:300,2
DA:316,4
DA:317,4
DA:318,4
DA:319,8
DA:320,8
DA:322,8
DA:328,8
DA:329,0
DA:331,8
DA:334,8
DA:335,8
DA:349,4
DA:362,7
DA:363,7
DA:364,0
DA:367,7
DA:372,7
DA:374,0
DA:376,7
DA:394,10
DA:395,10
DA:397,10
DA:398,10
DA:400,0
DA:403,10
DA:407,7
DA:412,0
DA:414,0
DA:419,3
DA:420,3
DA:425,0
DA:436,2
DA:437,2
DA:438,2
DA:439,2
DA:440,2
DA:446,2
DA:457,1
DA:460,1
DA:461,0
DA:463,1
DA:464,1
DA:467,1
DA:468,0
DA:470,1
LF:97
LH:80
BRDA:103,1,0,1
BRDA:103,1,1,14
BRDA:113,2,0,0
BRDA:113,2,1,0
BRDA:128,3,0,0
BRDA:128,3,1,4
BRDA:140,4,0,1
BRDA:140,4,1,21
BRDA:196,5,0,0
BRDA:196,5,1,14
BRDA:218,6,0,21
BRDA:218,6,1,0
BRDA:224,7,0,15
BRDA:224,7,1,6
BRDA:225,8,0,15
BRDA:225,8,1,0
BRDA:226,9,0,0
BRDA:226,9,1,15
BRDA:328,10,0,0
BRDA:328,10,1,8
BRDA:363,11,0,0
BRDA:363,11,1,7
BRDA:372,12,0,0
BRDA:372,12,1,7
BRDA:398,13,0,0
BRDA:398,13,1,10
BRDA:403,14,0,7
BRDA:403,14,1,3
BRDA:408,15,0,0
BRDA:408,15,1,3
BRDA:415,16,0,3
BRDA:415,16,1,0
BRDA:460,17,0,0
BRDA:460,17,1,1
BRDA:467,18,0,0
BRDA:467,18,1,1
BRF:36
BRH:21
end_of_record
TN:
SF:/Users/yan-dev/Documents/lottery-dapp/contracts/Random.sol
FN:10,naiveRandInt
FNF:1
FNH:1
FNDA:4,naiveRandInt
DA:17,4
DA:19,4
DA:21,4
DA:22,4
DA:24,4
LF:5
LH:5
BRF:0
BRH:0
end_of_record
